C:\USERS\OWNER\DOCUMENTS\VISUAL STUDIO 2012\PROJECTS\MATHEMATICS-MASTER\MATHEMATICS\DEBUG\COMPLEX.OBJ
C:\USERS\OWNER\DOCUMENTS\VISUAL STUDIO 2012\PROJECTS\MATHEMATICS-MASTER\MATHEMATICS\DEBUG\IOHANDLER.OBJ
C:\USERS\OWNER\DOCUMENTS\VISUAL STUDIO 2012\PROJECTS\MATHEMATICS-MASTER\MATHEMATICS\DEBUG\MAP.OBJ
C:\USERS\OWNER\DOCUMENTS\VISUAL STUDIO 2012\PROJECTS\MATHEMATICS-MASTER\MATHEMATICS\DEBUG\MATHEMATICS.OBJ
C:\USERS\OWNER\DOCUMENTS\VISUAL STUDIO 2012\PROJECTS\MATHEMATICS-MASTER\MATHEMATICS\DEBUG\NUMBER.OBJ
C:\USERS\OWNER\DOCUMENTS\VISUAL STUDIO 2012\PROJECTS\MATHEMATICS-MASTER\MATHEMATICS\DEBUG\PARSER.OBJ
C:\USERS\OWNER\DOCUMENTS\VISUAL STUDIO 2012\PROJECTS\MATHEMATICS-MASTER\MATHEMATICS\DEBUG\POLYNOM.OBJ
C:\USERS\OWNER\DOCUMENTS\VISUAL STUDIO 2012\PROJECTS\MATHEMATICS-MASTER\MATHEMATICS\DEBUG\RESULT.OBJ
C:\USERS\OWNER\DOCUMENTS\VISUAL STUDIO 2012\PROJECTS\MATHEMATICS-MASTER\MATHEMATICS\DEBUG\SOLVER.OBJ
C:\USERS\OWNER\DOCUMENTS\VISUAL STUDIO 2012\PROJECTS\MATHEMATICS-MASTER\MATHEMATICS\DEBUG\VC110.PDB
C:\USERS\OWNER\DOCUMENTS\VISUAL STUDIO 2012\PROJECTS\MATHEMATICS-MASTER\DEBUG\MATHEMATICS.ILK
C:\USERS\OWNER\DOCUMENTS\VISUAL STUDIO 2012\PROJECTS\MATHEMATICS-MASTER\DEBUG\MATHEMATICS.EXE
C:\USERS\OWNER\DOCUMENTS\VISUAL STUDIO 2012\PROJECTS\MATHEMATICS-MASTER\DEBUG\MATHEMATICS.PDB
C:\Users\Owner\Documents\Visual Studio 2012\Projects\mathematics-master\mathematics\Debug\Complex.obj
C:\Users\Owner\Documents\Visual Studio 2012\Projects\mathematics-master\mathematics\Debug\IOHandler.obj
C:\Users\Owner\Documents\Visual Studio 2012\Projects\mathematics-master\mathematics\Debug\Map.obj
C:\Users\Owner\Documents\Visual Studio 2012\Projects\mathematics-master\mathematics\Debug\Mathematics.obj
C:\Users\Owner\Documents\Visual Studio 2012\Projects\mathematics-master\mathematics\Debug\Number.obj
C:\Users\Owner\Documents\Visual Studio 2012\Projects\mathematics-master\mathematics\Debug\Parser.obj
C:\Users\Owner\Documents\Visual Studio 2012\Projects\mathematics-master\mathematics\Debug\Polynom.obj
C:\Users\Owner\Documents\Visual Studio 2012\Projects\mathematics-master\mathematics\Debug\Result.obj
C:\Users\Owner\Documents\Visual Studio 2012\Projects\mathematics-master\mathematics\Debug\Solver.obj
C:\Users\Owner\Documents\Visual Studio 2012\Projects\mathematics-master\mathematics\Debug\cl.command.1.tlog
C:\Users\Owner\Documents\Visual Studio 2012\Projects\mathematics-master\mathematics\Debug\CL.read.1.tlog
C:\Users\Owner\Documents\Visual Studio 2012\Projects\mathematics-master\mathematics\Debug\CL.write.1.tlog
C:\Users\Owner\Documents\Visual Studio 2012\Projects\mathematics-master\mathematics\Debug\link-cvtres.read.1.tlog
C:\Users\Owner\Documents\Visual Studio 2012\Projects\mathematics-master\mathematics\Debug\link-cvtres.write.1.tlog
C:\Users\Owner\Documents\Visual Studio 2012\Projects\mathematics-master\mathematics\Debug\link-rc.read.1.tlog
C:\Users\Owner\Documents\Visual Studio 2012\Projects\mathematics-master\mathematics\Debug\link-rc.write.1.tlog
C:\Users\Owner\Documents\Visual Studio 2012\Projects\mathematics-master\mathematics\Debug\link.3860-cvtres.read.1.tlog
C:\Users\Owner\Documents\Visual Studio 2012\Projects\mathematics-master\mathematics\Debug\link.3860-cvtres.write.1.tlog
C:\Users\Owner\Documents\Visual Studio 2012\Projects\mathematics-master\mathematics\Debug\link.3860-rc.read.1.tlog
C:\Users\Owner\Documents\Visual Studio 2012\Projects\mathematics-master\mathematics\Debug\link.3860-rc.write.1.tlog
C:\Users\Owner\Documents\Visual Studio 2012\Projects\mathematics-master\mathematics\Debug\link.3860.read.1.tlog
C:\Users\Owner\Documents\Visual Studio 2012\Projects\mathematics-master\mathematics\Debug\link.3860.write.1.tlog
C:\Users\Owner\Documents\Visual Studio 2012\Projects\mathematics-master\mathematics\Debug\link.4700-cvtres.read.1.tlog
C:\Users\Owner\Documents\Visual Studio 2012\Projects\mathematics-master\mathematics\Debug\link.4700-cvtres.write.1.tlog
C:\Users\Owner\Documents\Visual Studio 2012\Projects\mathematics-master\mathematics\Debug\link.4700-rc.read.1.tlog
C:\Users\Owner\Documents\Visual Studio 2012\Projects\mathematics-master\mathematics\Debug\link.4700-rc.write.1.tlog
C:\Users\Owner\Documents\Visual Studio 2012\Projects\mathematics-master\mathematics\Debug\link.4700.read.1.tlog
C:\Users\Owner\Documents\Visual Studio 2012\Projects\mathematics-master\mathematics\Debug\link.4700.write.1.tlog
C:\Users\Owner\Documents\Visual Studio 2012\Projects\mathematics-master\mathematics\Debug\link.5176-cvtres.read.1.tlog
C:\Users\Owner\Documents\Visual Studio 2012\Projects\mathematics-master\mathematics\Debug\link.5176-cvtres.write.1.tlog
C:\Users\Owner\Documents\Visual Studio 2012\Projects\mathematics-master\mathematics\Debug\link.5176-rc.read.1.tlog
C:\Users\Owner\Documents\Visual Studio 2012\Projects\mathematics-master\mathematics\Debug\link.5176-rc.write.1.tlog
C:\Users\Owner\Documents\Visual Studio 2012\Projects\mathematics-master\mathematics\Debug\link.5176.read.1.tlog
C:\Users\Owner\Documents\Visual Studio 2012\Projects\mathematics-master\mathematics\Debug\link.5176.write.1.tlog
C:\Users\Owner\Documents\Visual Studio 2012\Projects\mathematics-master\mathematics\Debug\link.5832-cvtres.read.1.tlog
C:\Users\Owner\Documents\Visual Studio 2012\Projects\mathematics-master\mathematics\Debug\link.5832-cvtres.write.1.tlog
C:\Users\Owner\Documents\Visual Studio 2012\Projects\mathematics-master\mathematics\Debug\link.5832-rc.read.1.tlog
C:\Users\Owner\Documents\Visual Studio 2012\Projects\mathematics-master\mathematics\Debug\link.5832-rc.write.1.tlog
C:\Users\Owner\Documents\Visual Studio 2012\Projects\mathematics-master\mathematics\Debug\link.5832.read.1.tlog
C:\Users\Owner\Documents\Visual Studio 2012\Projects\mathematics-master\mathematics\Debug\link.5832.write.1.tlog
C:\Users\Owner\Documents\Visual Studio 2012\Projects\mathematics-master\mathematics\Debug\link.6156-cvtres.read.1.tlog
C:\Users\Owner\Documents\Visual Studio 2012\Projects\mathematics-master\mathematics\Debug\link.6156-cvtres.write.1.tlog
C:\Users\Owner\Documents\Visual Studio 2012\Projects\mathematics-master\mathematics\Debug\link.6156-rc.read.1.tlog
C:\Users\Owner\Documents\Visual Studio 2012\Projects\mathematics-master\mathematics\Debug\link.6156-rc.write.1.tlog
C:\Users\Owner\Documents\Visual Studio 2012\Projects\mathematics-master\mathematics\Debug\link.6156.read.1.tlog
C:\Users\Owner\Documents\Visual Studio 2012\Projects\mathematics-master\mathematics\Debug\link.6156.write.1.tlog
C:\Users\Owner\Documents\Visual Studio 2012\Projects\mathematics-master\mathematics\Debug\link.6568-cvtres.read.1.tlog
C:\Users\Owner\Documents\Visual Studio 2012\Projects\mathematics-master\mathematics\Debug\link.6568-cvtres.write.1.tlog
C:\Users\Owner\Documents\Visual Studio 2012\Projects\mathematics-master\mathematics\Debug\link.6568-rc.read.1.tlog
C:\Users\Owner\Documents\Visual Studio 2012\Projects\mathematics-master\mathematics\Debug\link.6568-rc.write.1.tlog
C:\Users\Owner\Documents\Visual Studio 2012\Projects\mathematics-master\mathematics\Debug\link.6568.read.1.tlog
C:\Users\Owner\Documents\Visual Studio 2012\Projects\mathematics-master\mathematics\Debug\link.6568.write.1.tlog
C:\Users\Owner\Documents\Visual Studio 2012\Projects\mathematics-master\mathematics\Debug\link.6720-cvtres.read.1.tlog
C:\Users\Owner\Documents\Visual Studio 2012\Projects\mathematics-master\mathematics\Debug\link.6720-cvtres.write.1.tlog
C:\Users\Owner\Documents\Visual Studio 2012\Projects\mathematics-master\mathematics\Debug\link.6720-rc.read.1.tlog
C:\Users\Owner\Documents\Visual Studio 2012\Projects\mathematics-master\mathematics\Debug\link.6720-rc.write.1.tlog
C:\Users\Owner\Documents\Visual Studio 2012\Projects\mathematics-master\mathematics\Debug\link.6720.read.1.tlog
C:\Users\Owner\Documents\Visual Studio 2012\Projects\mathematics-master\mathematics\Debug\link.6720.write.1.tlog
C:\Users\Owner\Documents\Visual Studio 2012\Projects\mathematics-master\mathematics\Debug\link.6888-cvtres.read.1.tlog
C:\Users\Owner\Documents\Visual Studio 2012\Projects\mathematics-master\mathematics\Debug\link.6888-cvtres.write.1.tlog
C:\Users\Owner\Documents\Visual Studio 2012\Projects\mathematics-master\mathematics\Debug\link.6888-rc.read.1.tlog
C:\Users\Owner\Documents\Visual Studio 2012\Projects\mathematics-master\mathematics\Debug\link.6888-rc.write.1.tlog
C:\Users\Owner\Documents\Visual Studio 2012\Projects\mathematics-master\mathematics\Debug\link.6888.read.1.tlog
C:\Users\Owner\Documents\Visual Studio 2012\Projects\mathematics-master\mathematics\Debug\link.6888.write.1.tlog
C:\Users\Owner\Documents\Visual Studio 2012\Projects\mathematics-master\mathematics\Debug\link.7832-cvtres.read.1.tlog
C:\Users\Owner\Documents\Visual Studio 2012\Projects\mathematics-master\mathematics\Debug\link.7832-cvtres.write.1.tlog
C:\Users\Owner\Documents\Visual Studio 2012\Projects\mathematics-master\mathematics\Debug\link.7832-rc.read.1.tlog
C:\Users\Owner\Documents\Visual Studio 2012\Projects\mathematics-master\mathematics\Debug\link.7832-rc.write.1.tlog
C:\Users\Owner\Documents\Visual Studio 2012\Projects\mathematics-master\mathematics\Debug\link.7832.read.1.tlog
C:\Users\Owner\Documents\Visual Studio 2012\Projects\mathematics-master\mathematics\Debug\link.7832.write.1.tlog
C:\Users\Owner\Documents\Visual Studio 2012\Projects\mathematics-master\mathematics\Debug\link.command.1.tlog
C:\Users\Owner\Documents\Visual Studio 2012\Projects\mathematics-master\mathematics\Debug\link.read.1.tlog
C:\Users\Owner\Documents\Visual Studio 2012\Projects\mathematics-master\mathematics\Debug\link.write.1.tlog
C:\Users\Owner\Documents\Visual Studio 2012\Projects\mathematics-master\mathematics\Debug\vc110.idb
C:\Users\Owner\Documents\Visual Studio 2012\Projects\mathematics-master\mathematics\Debug\vc110.pdb
C:\Users\Owner\Documents\Visual Studio 2012\Projects\mathematics-master\Debug\mathematics.pdb
C:\Users\Owner\Documents\Visual Studio 2012\Projects\mathematics-master\Debug\mathematics.exe
C:\Users\Owner\Documents\Visual Studio 2012\Projects\mathematics-master\Debug\mathematics.ilk
