Build started 28.12.2013 19:12:00.
     1>Project "C:\Users\Owner\Desktop\Our-Lab-Class-master\mathematics-master\mathematics\mathematics.vcxproj" on node 2 (Build target(s)).
     1>ClCompile:
         C:\Program Files (x86)\Microsoft Visual Studio 11.0\VC\bin\CL.exe /c /ZI /nologo /W3 /WX- /Od /Oy- /D WIN32 /D _DEBUG /D _CONSOLE /D _UNICODE /D UNICODE /Gm /EHsc /RTC1 /MDd /GS /fp:precise /Zc:wchar_t /Zc:forScope /Fo"Debug\\" /Fd"Debug\vc110.pdb" /Gd /TP /analyze- /errorReport:prompt Mathematics.cpp
         Mathematics.cpp
     1>c:\users\owner\desktop\our-lab-class-master\mathematics-master\mathematics\solver.h(101): warning C4018: '<' : signed/unsigned mismatch
     1>c:\users\owner\desktop\our-lab-class-master\mathematics-master\mathematics\solver.h(185): warning C4018: '<' : signed/unsigned mismatch
     1>c:\users\owner\desktop\our-lab-class-master\mathematics-master\mathematics\iohandler.h(69): warning C4018: '<' : signed/unsigned mismatch
     1>c:\users\owner\desktop\our-lab-class-master\mathematics-master\mathematics\iohandler.h(306): warning C4018: '<' : signed/unsigned mismatch
     1>c:\users\owner\desktop\our-lab-class-master\mathematics-master\mathematics\mathematics.cpp(28): warning C4018: '<' : signed/unsigned mismatch
     1>c:\users\owner\desktop\our-lab-class-master\mathematics-master\mathematics\polynom.h(73): warning C4018: '<' : signed/unsigned mismatch
                 c:\users\owner\desktop\our-lab-class-master\mathematics-master\mathematics\polynom.h(59) : while compiling class template member function 'Polynom<Numb>::Polynom(std::string)'
                 with
                 [
                     Numb=int
                 ]
                 c:\users\owner\desktop\our-lab-class-master\mathematics-master\mathematics\iohandler.h(101) : see reference to function template instantiation 'Polynom<Numb>::Polynom(std::string)' being compiled
                 with
                 [
                     Numb=int
                 ]
                 c:\users\owner\desktop\our-lab-class-master\mathematics-master\mathematics\solver.h(37) : see reference to class template instantiation 'Polynom<Numb>' being compiled
                 with
                 [
                     Numb=int
                 ]
     1>c:\users\owner\desktop\our-lab-class-master\mathematics-master\mathematics\polynom.h(78): warning C4244: '=' : conversion from 'double' to 'int', possible loss of data
     1>c:\users\owner\desktop\our-lab-class-master\mathematics-master\mathematics\polynom.h(83): warning C4018: '<' : signed/unsigned mismatch
       Link:
         C:\Program Files (x86)\Microsoft Visual Studio 11.0\VC\bin\link.exe /ERRORREPORT:PROMPT /OUT:"C:\Users\Owner\Desktop\Our-Lab-Class-master\mathematics-master\Debug\mathematics.exe" /INCREMENTAL /NOLOGO kernel32.lib user32.lib gdi32.lib winspool.lib comdlg32.lib advapi32.lib shell32.lib ole32.lib oleaut32.lib uuid.lib odbc32.lib odbccp32.lib /MANIFEST /MANIFESTUAC:"level='asInvoker' uiAccess='false'" /manifest:embed /DEBUG /PDB:"C:\Users\Owner\Desktop\Our-Lab-Class-master\mathematics-master\Debug\mathematics.pdb" /SUBSYSTEM:CONSOLE /TLBID:1 /DYNAMICBASE /NXCOMPAT /IMPLIB:"C:\Users\Owner\Desktop\Our-Lab-Class-master\mathematics-master\Debug\mathematics.lib" /MACHINE:X86 /SAFESEH Debug\Mathematics.obj
         mathematics.vcxproj -> C:\Users\Owner\Desktop\Our-Lab-Class-master\mathematics-master\Debug\mathematics.exe
     1>Done Building Project "C:\Users\Owner\Desktop\Our-Lab-Class-master\mathematics-master\mathematics\mathematics.vcxproj" (Build target(s)).

Build succeeded.

Time Elapsed 00:00:02.40
